<?xml version="1.0" encoding="UTF-8"?>
<testng-results ignored="0" total="1" passed="1" failed="0" skipped="0">
  <reporter-output>
  </reporter-output>
  <suite started-at="2023-10-11T22:13:47 EET" name="Default suite" finished-at="2023-10-11T22:13:50 EET" duration-ms="3284">
    <groups>
    </groups>
    <test started-at="2023-10-11T22:13:47 EET" name="Default test" finished-at="2023-10-11T22:13:50 EET" duration-ms="3284">
      <class name="webAutomation.TestCases">
        <test-method is-config="true" signature="setUpTest()[pri:0, instance:webAutomation.TestCases@3eb738bb]" started-at="2023-10-11T22:13:47 EET" name="setUpTest" finished-at="2023-10-11T22:13:48 EET" duration-ms="1369" status="PASS">
          <reporter-output>
          </reporter-output>
        </test-method> <!-- setUpTest -->
        <test-method signature="validloginTest()[pri:2, instance:webAutomation.TestCases@3eb738bb]" started-at="2023-10-11T22:13:48 EET" name="validloginTest" finished-at="2023-10-11T22:13:50 EET" duration-ms="1745" status="PASS">
          <reporter-output>
          </reporter-output>
        </test-method> <!-- validloginTest -->
        <test-method is-config="true" signature="tearDownTest()[pri:0, instance:webAutomation.TestCases@3eb738bb]" started-at="2023-10-11T22:13:50 EET" name="tearDownTest" finished-at="2023-10-11T22:13:50 EET" duration-ms="148" status="PASS">
          <reporter-output>
          </reporter-output>
        </test-method> <!-- tearDownTest -->
      </class> <!-- webAutomation.TestCases -->
    </test> <!-- Default test -->
  </suite> <!-- Default suite -->
</testng-results>
