<?xml version="1.0" encoding="UTF-8"?>
<!-- Generated by org.testng.reporters.JUnitXMLReporter -->
<testsuite ignored="3" hostname="DESKTOP-2O0K76M" failures="0" tests="1" name="Default test" time="3.284" errors="0" timestamp="2023-10-11T22:13:50 EET">
  <testcase classname="webAutomation.TestCases" name="validloginTest" time="1.745"/>
  <testcase classname="webAutomation.TestCases" name="invalidloginTest" time="0.0">
    <ignored/>
  </testcase> <!-- invalidloginTest -->
  <testcase classname="webAutomation.TestCases" name="layoutOneTest" time="0.0">
    <ignored/>
  </testcase> <!-- layoutOneTest -->
  <testcase classname="webAutomation.TestCases" name="LayoutTwoTest" time="0.0">
    <ignored/>
  </testcase> <!-- LayoutTwoTest -->
</testsuite> <!-- Default test -->
